<?xml version="1.0" encoding="UTF-8"?>
<!-- Generated by org.testng.reporters.JUnitReportReporter -->
<testsuite hostname="DESKTOP-FF8BLIG" failures="0" tests="3" name="ankitsolanki.Tests.SubmitOrderTest" time="31.088" errors="0" timestamp="2024-11-23T22:11:22 IST" skipped="0">
  <testcase classname="ankitsolanki.Tests.SubmitOrderTest" name="OrderHistoryTest" time="6.907"/>
  <testcase classname="ankitsolanki.Tests.SubmitOrderTest" name="SubmitOrder" time="13.958"/>
  <testcase classname="ankitsolanki.Tests.SubmitOrderTest" name="SubmitOrder" time="10.223"/>
</testsuite> <!-- ankitsolanki.Tests.SubmitOrderTest -->
