<?xml version="1.0" encoding="UTF-8"?>
<!-- Generated by org.testng.reporters.JUnitReportReporter -->
<testsuite hostname="DESKTOP-FF8BLIG" failures="0" tests="1" name="cucumber.TestNGtestRunner" time="6.232" errors="0" timestamp="2024-11-26T21:14:47 IST" skipped="0">
  <testcase classname="cucumber.TestNGtestRunner" name="runScenario" time="6.232"/>
</testsuite> <!-- cucumber.TestNGtestRunner -->
