<?xml version="1.0" encoding="UTF-8"?>
<!-- Generated by org.testng.reporters.JUnitReportReporter -->
<testsuite hostname="DESKTOP-FF8BLIG" failures="0" tests="3" name="ankitsolanki.Tests.SubmitOrderTest" time="47.553" errors="0" timestamp="2024-11-26T22:31:37 IST" skipped="0">
  <testcase classname="ankitsolanki.Tests.SubmitOrderTest" name="SubmitOrder" time="19.181"/>
  <testcase classname="ankitsolanki.Tests.SubmitOrderTest" name="OrderHistoryTest" time="9.222"/>
  <testcase classname="ankitsolanki.Tests.SubmitOrderTest" name="SubmitOrder" time="19.150"/>
</testsuite> <!-- ankitsolanki.Tests.SubmitOrderTest -->
