<?xml version="1.0" encoding="UTF-8"?>
<!-- Generated by org.testng.reporters.JUnitReportReporter -->
<testsuite hostname="DESKTOP-FF8BLIG" failures="0" tests="2" name="ankitsolanki.Tests.ErrorValidation" time="26.664" errors="0" timestamp="2024-11-26T22:31:37 IST" skipped="0">
  <testcase classname="ankitsolanki.Tests.ErrorValidation" name="LoginErrorValidation" time="14.196"/>
  <testcase classname="ankitsolanki.Tests.ErrorValidation" name="ProductErrorValidation" time="12.468"/>
</testsuite> <!-- ankitsolanki.Tests.ErrorValidation -->
